<?xml version="1.0" encoding="UTF-8"?>
<!-- Generated by org.testng.reporters.JUnitXMLReporter -->
<testsuite hostname="N56VZ" name="Default test" tests="10" failures="0" timestamp="16 Sep 2015 06:51:10 GMT" time="0.1" errors="0">
  <testcase name="@BeforeClass beforeClass" time="0.0" classname="test.testng.HoVSmokeTestsSuite">
    <failure type="org.testng.TestNGException" message="
Parameter &amp;apos;browser&amp;apos; is required by @Configuration on method beforeClass but has not been marked @Optional or defined
in C:\Users\Alexei\AppData\Local\Temp\testng-eclipse--2122011256\testng-customsuite.xml">
      <![CDATA[org.testng.TestNGException: 
Parameter 'browser' is required by @Configuration on method beforeClass but has not been marked @Optional or defined
in C:\Users\Alexei\AppData\Local\Temp\testng-eclipse--2122011256\testng-customsuite.xml
	at org.testng.internal.Parameters.createParameters(Parameters.java:155)
	at org.testng.internal.Parameters.createParameters(Parameters.java:358)
	at org.testng.internal.Parameters.createConfigurationParameters(Parameters.java:86)
	at org.testng.internal.Invoker.invokeConfigurations(Invoker.java:199)
	at org.testng.internal.Invoker.invokeConfigurations(Invoker.java:138)
	at org.testng.internal.TestMethodWorker.invokeBeforeClassMethods(TestMethodWorker.java:175)
	at org.testng.internal.TestMethodWorker.run(TestMethodWorker.java:107)
	at org.testng.TestRunner.privateRun(TestRunner.java:767)
	at org.testng.TestRunner.run(TestRunner.java:617)
	at org.testng.SuiteRunner.runTest(SuiteRunner.java:334)
	at org.testng.SuiteRunner.runSequentially(SuiteRunner.java:329)
	at org.testng.SuiteRunner.privateRun(SuiteRunner.java:291)
	at org.testng.SuiteRunner.run(SuiteRunner.java:240)
	at org.testng.SuiteRunnerWorker.runSuite(SuiteRunnerWorker.java:52)
	at org.testng.SuiteRunnerWorker.run(SuiteRunnerWorker.java:86)
	at org.testng.TestNG.runSuitesSequentially(TestNG.java:1224)
	at org.testng.TestNG.runSuitesLocally(TestNG.java:1149)
	at org.testng.TestNG.run(TestNG.java:1057)
	at org.testng.remote.RemoteTestNG.run(RemoteTestNG.java:111)
	at org.testng.remote.RemoteTestNG.initAndRun(RemoteTestNG.java:204)
	at org.testng.remote.RemoteTestNG.main(RemoteTestNG.java:175)
]]>
    </failure>
  </testcase> <!-- @BeforeClass beforeClass -->
  <testcase name="@AfterClass afterClass" time="0.0" classname="test.testng.HoVSmokeTestsSuite">
    <skipped/>
  </testcase> <!-- @AfterClass afterClass -->
  <testcase name="BuyAllCoinPackages" time="0.008" classname="test.testng.HoVSmokeTestsSuite">
    <skipped/>
  </testcase> <!-- BuyAllCoinPackages -->
  <testcase name="CollectHourlyBonus" time="0.001" classname="test.testng.HoVSmokeTestsSuite">
    <skipped/>
  </testcase> <!-- CollectHourlyBonus -->
  <testcase name="DailyBonusPresent" time="0.002" classname="test.testng.HoVSmokeTestsSuite">
    <skipped/>
  </testcase> <!-- DailyBonusPresent -->
  <testcase name="EnabledCRMsAppear" time="0.002" classname="test.testng.HoVSmokeTestsSuite">
    <skipped/>
  </testcase> <!-- EnabledCRMsAppear -->
  <testcase name="FreshInstallTest" time="0.007" classname="test.testng.HoVSmokeTestsSuite">
    <skipped/>
  </testcase> <!-- FreshInstallTest -->
  <testcase name="HelpFanPageOpen" time="0.002" classname="test.testng.HoVSmokeTestsSuite">
    <skipped/>
  </testcase> <!-- HelpFanPageOpen -->
  <testcase name="PlacedInLobby" time="0.001" classname="test.testng.HoVSmokeTestsSuite">
    <skipped/>
  </testcase> <!-- PlacedInLobby -->
  <testcase name="QuickBuyFunctional" time="0.003" classname="test.testng.HoVSmokeTestsSuite">
    <skipped/>
  </testcase> <!-- QuickBuyFunctional -->
  <testcase name="SlotMachinesPresent" time="0.001" classname="test.testng.HoVSmokeTestsSuite">
    <skipped/>
  </testcase> <!-- SlotMachinesPresent -->
  <testcase name="TutorialInstigates" time="0.0" classname="test.testng.HoVSmokeTestsSuite">
    <skipped/>
  </testcase> <!-- TutorialInstigates -->
</testsuite> <!-- Default test -->
