<?xml version="1.0" encoding="UTF-8"?>
<!-- Generated by org.testng.reporters.JUnitXMLReporter -->
<testsuite hostname="HilchukA" name="HoVSmokeTests" tests="10" failures="1" timestamp="17 Sep 2015 07:29:10 GMT" time="229.753" errors="0">
  <testcase name="FreshInstallTest" time="106.665" classname="test.testng.HoVSmokeTestsSuite"/>
  <testcase name="TutorialInstigates" time="89.372" classname="test.testng.HoVSmokeTestsSuite"/>
  <testcase name="DailyBonusPresent" time="33.636" classname="test.testng.HoVSmokeTestsSuite">
    <failure type="org.openqa.selenium.NoSuchElementException" message="no such element
  (Session info: chrome=45.0.2454.85)
  (Driver info: chromedriver=2.9.248315,platform=Windows NT 6.1 SP1 x86_64) (WARNING: The server did not provide any stacktrace information)
Command duration or timeout: 47 milliseconds
For documentation on this error, please visit: http://seleniumhq.org/exceptions/no_such_element.html
Build info: version: &amp;apos;2.47.1&amp;apos;, revision: &amp;apos;411b314&amp;apos;, time: &amp;apos;2015-07-30 02:56:46&amp;apos;
System info: host: &amp;apos;HilchukA&amp;apos;, ip: &amp;apos;172.19.0.118&amp;apos;, os.name: &amp;apos;Windows 7&amp;apos;, os.arch: &amp;apos;amd64&amp;apos;, os.version: &amp;apos;6.1&amp;apos;, java.version: &amp;apos;1.8.0_51&amp;apos;
Driver info: org.openqa.selenium.chrome.ChromeDriver
Capabilities [{applicationCacheEnabled=false, rotatable=false, chrome={userDataDir=C:\Users\A00E4~1.HIL\AppData\Local\Temp\scoped_dir7324_18838}, takesHeapSnapshot=true, databaseEnabled=false, handlesAlerts=true, version=45.0.2454.85, platform=XP, browserConnectionEnabled=false, nativeEvents=true, acceptSslCerts=true, locationContextEnabled=true, webStorageEnabled=true, browserName=chrome, takesScreenshot=true, javascriptEnabled=true, cssSelectorsEnabled=true}]
Session ID: 7537da5ba37d06c9b023a8b620d2f508
*** Element info: {Using=xpath, value=//div[4]/div[2]/ul/li/a}">
      <![CDATA[org.openqa.selenium.NoSuchElementException: no such element
  (Session info: chrome=45.0.2454.85)
  (Driver info: chromedriver=2.9.248315,platform=Windows NT 6.1 SP1 x86_64) (WARNING: The server did not provide any stacktrace information)
Command duration or timeout: 47 milliseconds
For documentation on this error, please visit: http://seleniumhq.org/exceptions/no_such_element.html
Build info: version: '2.47.1', revision: '411b314', time: '2015-07-30 02:56:46'
System info: host: 'HilchukA', ip: '172.19.0.118', os.name: 'Windows 7', os.arch: 'amd64', os.version: '6.1', java.version: '1.8.0_51'
Driver info: org.openqa.selenium.chrome.ChromeDriver
Capabilities [{applicationCacheEnabled=false, rotatable=false, chrome={userDataDir=C:\Users\A00E4~1.HIL\AppData\Local\Temp\scoped_dir7324_18838}, takesHeapSnapshot=true, databaseEnabled=false, handlesAlerts=true, version=45.0.2454.85, platform=XP, browserConnectionEnabled=false, nativeEvents=true, acceptSslCerts=true, locationContextEnabled=true, webStorageEnabled=true, browserName=chrome, takesScreenshot=true, javascriptEnabled=true, cssSelectorsEnabled=true}]
Session ID: 7537da5ba37d06c9b023a8b620d2f508
*** Element info: {Using=xpath, value=//div[4]/div[2]/ul/li/a}
	at org.openqa.selenium.remote.ErrorHandler.createThrowable(ErrorHandler.java:206)
	at org.openqa.selenium.remote.ErrorHandler.throwIfResponseFailed(ErrorHandler.java:158)
	at org.openqa.selenium.remote.RemoteWebDriver.execute(RemoteWebDriver.java:595)
	at org.openqa.selenium.remote.RemoteWebDriver.findElement(RemoteWebDriver.java:348)
	at org.openqa.selenium.remote.RemoteWebDriver.findElementByXPath(RemoteWebDriver.java:445)
	at org.openqa.selenium.By$ByXPath.findElement(By.java:358)
	at org.openqa.selenium.remote.RemoteWebDriver.findElement(RemoteWebDriver.java:340)
	at test.AdminOperations.setExclusionGroup(AdminOperations.java:594)
	at test.testng.HoVSmokeTestsSuite.DailyBonusPresent(HoVSmokeTestsSuite.java:110)
... Removed 28 stack frames]]>
    </failure>
  </testcase> <!-- DailyBonusPresent -->
  <testcase name="CollectHourlyBonus" time="0.0" classname="test.testng.HoVSmokeTestsSuite">
    <skipped/>
  </testcase> <!-- CollectHourlyBonus -->
  <testcase name="HelpFanPageOpen" time="0.0" classname="test.testng.HoVSmokeTestsSuite">
    <skipped/>
  </testcase> <!-- HelpFanPageOpen -->
  <testcase name="PlacedInLobby" time="0.001" classname="test.testng.HoVSmokeTestsSuite">
    <skipped/>
  </testcase> <!-- PlacedInLobby -->
  <testcase name="BuyAllCoinPackages" time="0.001" classname="test.testng.HoVSmokeTestsSuite">
    <skipped/>
  </testcase> <!-- BuyAllCoinPackages -->
  <testcase name="QuickBuyFunctional" time="0.001" classname="test.testng.HoVSmokeTestsSuite">
    <skipped/>
  </testcase> <!-- QuickBuyFunctional -->
  <testcase name="EnabledCRMsAppear" time="0.0" classname="test.testng.HoVSmokeTestsSuite">
    <skipped/>
  </testcase> <!-- EnabledCRMsAppear -->
  <testcase name="SlotMachinesPresent" time="0.001" classname="test.testng.HoVSmokeTestsSuite">
    <skipped/>
  </testcase> <!-- SlotMachinesPresent -->
</testsuite> <!-- HoVSmokeTests -->
