<?xml version="1.0" encoding="UTF-8"?>
<testng-results skipped="9" failed="1" total="10" passed="0">
  <reporter-output>
  </reporter-output>
  <suite name="HoVSmokeTestSuite" duration-ms="76" started-at="2015-09-16T14:33:56Z" finished-at="2015-09-16T14:33:56Z">
    <groups>
    </groups>
    <test name="Default test" duration-ms="76" started-at="2015-09-16T14:33:56Z" finished-at="2015-09-16T14:33:56Z">
      <class name="test.HoVSmokeTests">
        <test-method status="FAIL" signature="beforeSuite(java.lang.String)[pri:0, instance:test.HoVSmokeTests@36f6e879]" name="beforeSuite" is-config="true" duration-ms="0" started-at="2015-09-16T17:33:56Z" finished-at="2015-09-16T17:33:56Z">
          <exception class="org.testng.TestNGException">
            <message>
              <![CDATA[
Method beforeSuite requires 1 parameters but 0 were supplied in the @Configuration annotation.]]>
            </message>
            <full-stacktrace>
              <![CDATA[org.testng.TestNGException: 
Method beforeSuite requires 1 parameters but 0 were supplied in the @Configuration annotation.
	at org.testng.internal.Parameters.checkParameterTypes(Parameters.java:198)
	at org.testng.internal.Parameters.createParameters(Parameters.java:134)
	at org.testng.internal.Parameters.createParameters(Parameters.java:373)
	at org.testng.internal.Parameters.createConfigurationParameters(Parameters.java:86)
	at org.testng.internal.Invoker.invokeConfigurations(Invoker.java:199)
	at org.testng.internal.Invoker.invokeConfigurations(Invoker.java:138)
	at org.testng.SuiteRunner.privateRun(SuiteRunner.java:277)
	at org.testng.SuiteRunner.run(SuiteRunner.java:240)
	at org.testng.SuiteRunnerWorker.runSuite(SuiteRunnerWorker.java:52)
	at org.testng.SuiteRunnerWorker.run(SuiteRunnerWorker.java:86)
	at org.testng.TestNG.runSuitesSequentially(TestNG.java:1224)
	at org.testng.TestNG.runSuitesLocally(TestNG.java:1149)
	at org.testng.TestNG.run(TestNG.java:1057)
	at org.testng.remote.RemoteTestNG.run(RemoteTestNG.java:111)
	at org.testng.remote.RemoteTestNG.initAndRun(RemoteTestNG.java:204)
	at org.testng.remote.RemoteTestNG.main(RemoteTestNG.java:175)
]]>
            </full-stacktrace>
          </exception> <!-- org.testng.TestNGException -->
          <reporter-output>
          </reporter-output>
        </test-method> <!-- beforeSuite -->
        <test-method status="SKIP" signature="BuyAllCoinPackages()[pri:0, instance:test.HoVSmokeTests@36f6e879]" name="BuyAllCoinPackages" duration-ms="11" started-at="2015-09-16T17:33:56Z" finished-at="2015-09-16T17:33:56Z">
          <reporter-output>
          </reporter-output>
        </test-method> <!-- BuyAllCoinPackages -->
        <test-method status="SKIP" signature="CollectHourlyBonus()[pri:0, instance:test.HoVSmokeTests@36f6e879]" name="CollectHourlyBonus" duration-ms="2" started-at="2015-09-16T17:33:56Z" finished-at="2015-09-16T17:33:56Z">
          <reporter-output>
          </reporter-output>
        </test-method> <!-- CollectHourlyBonus -->
        <test-method status="SKIP" signature="DailyBonusPresent()[pri:0, instance:test.HoVSmokeTests@36f6e879]" name="DailyBonusPresent" duration-ms="1" started-at="2015-09-16T17:33:56Z" finished-at="2015-09-16T17:33:56Z">
          <reporter-output>
          </reporter-output>
        </test-method> <!-- DailyBonusPresent -->
        <test-method status="SKIP" signature="EnabledCRMsAppear()[pri:0, instance:test.HoVSmokeTests@36f6e879]" name="EnabledCRMsAppear" duration-ms="1" started-at="2015-09-16T17:33:56Z" finished-at="2015-09-16T17:33:56Z">
          <reporter-output>
          </reporter-output>
        </test-method> <!-- EnabledCRMsAppear -->
        <test-method status="FAIL" signature="FreshInstallTest(java.lang.String)[pri:0, instance:test.HoVSmokeTests@36f6e879]" name="FreshInstallTest" duration-ms="0" started-at="2015-09-16T17:33:56Z" finished-at="2015-09-16T17:33:56Z">
          <exception class="org.testng.TestNGException">
            <message>
              <![CDATA[
Method FreshInstallTest requires 1 parameters but 0 were supplied in the @Test annotation.]]>
            </message>
            <full-stacktrace>
              <![CDATA[org.testng.TestNGException: 
Method FreshInstallTest requires 1 parameters but 0 were supplied in the @Test annotation.
	at org.testng.internal.Parameters.checkParameterTypes(Parameters.java:198)
	at org.testng.internal.Parameters.createParameters(Parameters.java:134)
	at org.testng.internal.Parameters.createParameters(Parameters.java:373)
	at org.testng.internal.Parameters.handleParameters(Parameters.java:450)
	at org.testng.internal.Invoker.handleParameters(Invoker.java:1383)
	at org.testng.internal.Invoker.createParameters(Invoker.java:1075)
	at org.testng.internal.Invoker.invokeTestMethods(Invoker.java:1180)
	at org.testng.internal.TestMethodWorker.invokeTestMethods(TestMethodWorker.java:127)
	at org.testng.internal.TestMethodWorker.run(TestMethodWorker.java:111)
	at org.testng.TestRunner.privateRun(TestRunner.java:767)
	at org.testng.TestRunner.run(TestRunner.java:617)
	at org.testng.SuiteRunner.runTest(SuiteRunner.java:334)
	at org.testng.SuiteRunner.runSequentially(SuiteRunner.java:329)
	at org.testng.SuiteRunner.privateRun(SuiteRunner.java:291)
	at org.testng.SuiteRunner.run(SuiteRunner.java:240)
	at org.testng.SuiteRunnerWorker.runSuite(SuiteRunnerWorker.java:52)
	at org.testng.SuiteRunnerWorker.run(SuiteRunnerWorker.java:86)
	at org.testng.TestNG.runSuitesSequentially(TestNG.java:1224)
	at org.testng.TestNG.runSuitesLocally(TestNG.java:1149)
	at org.testng.TestNG.run(TestNG.java:1057)
	at org.testng.remote.RemoteTestNG.run(RemoteTestNG.java:111)
	at org.testng.remote.RemoteTestNG.initAndRun(RemoteTestNG.java:204)
	at org.testng.remote.RemoteTestNG.main(RemoteTestNG.java:175)
]]>
            </full-stacktrace>
          </exception> <!-- org.testng.TestNGException -->
          <reporter-output>
          </reporter-output>
        </test-method> <!-- FreshInstallTest -->
        <test-method status="SKIP" signature="HelpFanPageOpen()[pri:0, instance:test.HoVSmokeTests@36f6e879]" name="HelpFanPageOpen" duration-ms="2" started-at="2015-09-16T17:33:56Z" finished-at="2015-09-16T17:33:56Z">
          <reporter-output>
          </reporter-output>
        </test-method> <!-- HelpFanPageOpen -->
        <test-method status="SKIP" signature="PlacedInLobby()[pri:0, instance:test.HoVSmokeTests@36f6e879]" name="PlacedInLobby" duration-ms="1" started-at="2015-09-16T17:33:56Z" finished-at="2015-09-16T17:33:56Z">
          <reporter-output>
          </reporter-output>
        </test-method> <!-- PlacedInLobby -->
        <test-method status="SKIP" signature="QuickBuyFunctional()[pri:0, instance:test.HoVSmokeTests@36f6e879]" name="QuickBuyFunctional" duration-ms="1" started-at="2015-09-16T17:33:56Z" finished-at="2015-09-16T17:33:56Z">
          <reporter-output>
          </reporter-output>
        </test-method> <!-- QuickBuyFunctional -->
        <test-method status="SKIP" signature="SlotMachinesPresent()[pri:0, instance:test.HoVSmokeTests@36f6e879]" name="SlotMachinesPresent" duration-ms="0" started-at="2015-09-16T17:33:56Z" finished-at="2015-09-16T17:33:56Z">
          <reporter-output>
          </reporter-output>
        </test-method> <!-- SlotMachinesPresent -->
        <test-method status="SKIP" signature="TutorialInstigates()[pri:0, instance:test.HoVSmokeTests@36f6e879]" name="TutorialInstigates" duration-ms="0" started-at="2015-09-16T17:33:56Z" finished-at="2015-09-16T17:33:56Z">
          <reporter-output>
          </reporter-output>
        </test-method> <!-- TutorialInstigates -->
        <test-method status="SKIP" signature="afterSuite()[pri:0, instance:test.HoVSmokeTests@36f6e879]" name="afterSuite" is-config="true" duration-ms="0" started-at="2015-09-16T17:33:56Z" finished-at="2015-09-16T17:33:56Z">
          <reporter-output>
          </reporter-output>
        </test-method> <!-- afterSuite -->
      </class> <!-- test.HoVSmokeTests -->
    </test> <!-- Default test -->
  </suite> <!-- HoVSmokeTestSuite -->
</testng-results>
